<?xml version="1.0" encoding="utf-8"?><testsuites name="pytest tests"><testsuite name="pytest" errors="2" failures="1" skipped="1" tests="5" time="12.345" timestamp="2026-09-06T00:00:00.000000-04:00" hostname="test-host"><testcase classname="tests.test_sample" name="test_passes" time="0.010" /><testcase classname="tests.test_sample" name="test_fails" time="0.020"><failure message="assert 1 == 2">E   assert 1 == 2</failure></testcase><testcase classname="tests.test_sample" name="test_errors" time="0.030"><error message="failed on setup with &quot;RuntimeError: boom&quot;">E   RuntimeError: boom</error></testcase><testcase classname="" name="test_broken_module" time="0.000"><error message="collection failure">ImportError while importing test module.</error></testcase><testcase classname="tests.test_sample" name="test_skipped" time="0.000"><skipped message="skip reason" /></testcase></testsuite></testsuites>
